<?xml version="1.0" encoding="UTF-8"?><testrun name="VendingMachine" project="VendingMachine" tests="23" started="23" failures="1" errors="0" ignored="0">
  <testsuite name="edu.towson.cis.cosc603.project4.vendingmachine.VendingMachineItemTest" time="0.014">
    <testcase name="testVendingMachineItem" classname="edu.towson.cis.cosc603.project4.vendingmachine.VendingMachineItemTest" time="0.001"/>
    <testcase name="testGetPrice" classname="edu.towson.cis.cosc603.project4.vendingmachine.VendingMachineItemTest" time="0.0"/>
    <testcase name="testNullName" classname="edu.towson.cis.cosc603.project4.vendingmachine.VendingMachineItemTest" time="0.0"/>
    <testcase name="testGetName" classname="edu.towson.cis.cosc603.project4.vendingmachine.VendingMachineItemTest" time="0.001"/>
    <testcase name="testLessThanZeroDollars" classname="edu.towson.cis.cosc603.project4.vendingmachine.VendingMachineItemTest" time="0.01">
      <failure>java.lang.AssertionError: Expected exception: edu.towson.cis.cosc603.project4.vendingmachine.VendingMachineException&#13;
	at org.junit.internal.runners.statements.ExpectException.evaluate(ExpectException.java:32)&#13;
	at org.junit.internal.runners.statements.RunBefores.evaluate(RunBefores.java:26)&#13;
	at org.junit.internal.runners.statements.RunAfters.evaluate(RunAfters.java:27)&#13;
	at org.junit.runners.ParentRunner.runLeaf(ParentRunner.java:325)&#13;
	at org.junit.runners.BlockJUnit4ClassRunner.runChild(BlockJUnit4ClassRunner.java:78)&#13;
	at org.junit.runners.BlockJUnit4ClassRunner.runChild(BlockJUnit4ClassRunner.java:57)&#13;
	at org.junit.runners.ParentRunner$3.run(ParentRunner.java:290)&#13;
	at org.junit.runners.ParentRunner$1.schedule(ParentRunner.java:71)&#13;
	at org.junit.runners.ParentRunner.runChildren(ParentRunner.java:288)&#13;
	at org.junit.runners.ParentRunner.access$000(ParentRunner.java:58)&#13;
	at org.junit.runners.ParentRunner$2.evaluate(ParentRunner.java:268)&#13;
	at org.junit.runners.ParentRunner.run(ParentRunner.java:363)&#13;
	at org.eclipse.jdt.internal.junit4.runner.JUnit4TestReference.run(JUnit4TestReference.java:86)&#13;
	at org.eclipse.jdt.internal.junit.runner.TestExecution.run(TestExecution.java:38)&#13;
	at org.eclipse.jdt.internal.junit.runner.RemoteTestRunner.runTests(RemoteTestRunner.java:459)&#13;
	at org.eclipse.jdt.internal.junit.runner.RemoteTestRunner.runTests(RemoteTestRunner.java:675)&#13;
	at org.eclipse.jdt.internal.junit.runner.RemoteTestRunner.run(RemoteTestRunner.java:382)&#13;
	at org.eclipse.jdt.internal.junit.runner.RemoteTestRunner.main(RemoteTestRunner.java:192)&#13;
&#13;
</failure>
    </testcase>
    <testcase name="testNegativePrice" classname="edu.towson.cis.cosc603.project4.vendingmachine.VendingMachineItemTest" time="0.002"/>
  </testsuite>
  <testsuite name="edu.towson.cis.cosc603.project4.vendingmachine.VendingMachineTest" time="0.011">
    <testcase name="testGetBalanceOfChangeDue" classname="edu.towson.cis.cosc603.project4.vendingmachine.VendingMachineTest" time="0.0"/>
    <testcase name="testRemoveItemNull" classname="edu.towson.cis.cosc603.project4.vendingmachine.VendingMachineTest" time="0.001"/>
    <testcase name="testAddItem" classname="edu.towson.cis.cosc603.project4.vendingmachine.VendingMachineTest" time="0.0"/>
    <testcase name="testReturnChangeForPurchase" classname="edu.towson.cis.cosc603.project4.vendingmachine.VendingMachineTest" time="0.0"/>
    <testcase name="testInsertMoneyMultiple" classname="edu.towson.cis.cosc603.project4.vendingmachine.VendingMachineTest" time="0.0"/>
    <testcase name="testInsertMoneyNegative" classname="edu.towson.cis.cosc603.project4.vendingmachine.VendingMachineTest" time="0.0"/>
    <testcase name="testInsertMoney" classname="edu.towson.cis.cosc603.project4.vendingmachine.VendingMachineTest" time="0.0"/>
    <testcase name="testReturnChangeWithoutPurchase" classname="edu.towson.cis.cosc603.project4.vendingmachine.VendingMachineTest" time="0.001"/>
    <testcase name="testMakePurchase" classname="edu.towson.cis.cosc603.project4.vendingmachine.VendingMachineTest" time="0.0"/>
    <testcase name="testMakePurchaseNull" classname="edu.towson.cis.cosc603.project4.vendingmachine.VendingMachineTest" time="0.001"/>
    <testcase name="testGetBalance" classname="edu.towson.cis.cosc603.project4.vendingmachine.VendingMachineTest" time="0.001"/>
    <testcase name="testRemoveItem" classname="edu.towson.cis.cosc603.project4.vendingmachine.VendingMachineTest" time="0.0"/>
    <testcase name="testMakePurchaseNotEnoughMoney" classname="edu.towson.cis.cosc603.project4.vendingmachine.VendingMachineTest" time="0.0"/>
    <testcase name="testAddItemSlotNotExist" classname="edu.towson.cis.cosc603.project4.vendingmachine.VendingMachineTest" time="0.0"/>
    <testcase name="testReturnChange" classname="edu.towson.cis.cosc603.project4.vendingmachine.VendingMachineTest" time="0.001"/>
    <testcase name="testMakePurchaseNoMoney" classname="edu.towson.cis.cosc603.project4.vendingmachine.VendingMachineTest" time="0.004"/>
    <testcase name="testAddItemAlreadyOccupied" classname="edu.towson.cis.cosc603.project4.vendingmachine.VendingMachineTest" time="0.0"/>
  </testsuite>
</testrun>
